2021-09-18 09:58:37.412 - INFO  [main] (SpringApplication.java:652) : The following profiles are active: local,native
2021-09-18 09:58:38.468 - INFO  [main] (RepositoryConfigurationDelegate.java:244) : Multiple Spring Data modules found, entering strict repository configuration mode!
2021-09-18 09:58:38.470 - INFO  [main] (RepositoryConfigurationDelegate.java:126) : Bootstrapping Spring Data repositories in DEFAULT mode.
2021-09-18 09:58:38.506 - INFO  [main] (RepositoryConfigurationDelegate.java:182) : Finished Spring Data repository scanning in 30ms. Found 0 repository interfaces.
2021-09-18 09:58:38.518 - INFO  [main] (RepositoryConfigurationDelegate.java:244) : Multiple Spring Data modules found, entering strict repository configuration mode!
2021-09-18 09:58:38.520 - INFO  [main] (RepositoryConfigurationDelegate.java:126) : Bootstrapping Spring Data repositories in DEFAULT mode.
2021-09-18 09:58:38.548 - INFO  [main] (RepositoryConfigurationDelegate.java:182) : Finished Spring Data repository scanning in 22ms. Found 0 repository interfaces.
2021-09-18 09:58:38.621 - WARN  [main] (EndpointId.java:131) : Endpoint ID 'service-registry' contains invalid characters, please migrate to a valid format.
2021-09-18 09:58:38.713 - WARN  [main] (Logger.java:44) : No MyBatis mapper was found in '[com.*.mapper]' package. Please check your configuration.
2021-09-18 09:58:38.879 - INFO  [main] (GenericScope.java:295) : BeanFactory id=9a67e07f-eb56-3b5a-81e9-f6b140c5f98c
2021-09-18 09:58:38.964 - INFO  [main] (PostProcessorRegistrationDelegate.java:330) : Bean 'org.springframework.transaction.annotation.ProxyTransactionManagementConfiguration' of type [org.springframework.transaction.annotation.ProxyTransactionManagementConfiguration$$EnhancerBySpringCGLIB$$ed4303b] is not eligible for getting processed by all BeanPostProcessors (for example: not eligible for auto-proxying)
2021-09-18 09:58:39.341 - INFO  [main] (TomcatWebServer.java:90) : Tomcat initialized with port(s): 9420 (http)
2021-09-18 09:58:39.359 - INFO  [main] (DirectJDKLog.java:180) : Initializing ProtocolHandler ["http-nio-9420"]
2021-09-18 09:58:39.373 - INFO  [main] (DirectJDKLog.java:180) : Starting service [Tomcat]
2021-09-18 09:58:39.373 - INFO  [main] (DirectJDKLog.java:180) : Starting Servlet Engine: Apache Tomcat/8.5.31
2021-09-18 09:58:39.629 - INFO  [localhost-startStop-1] (DirectJDKLog.java:180) : Initializing Spring embedded WebApplicationContext
2021-09-18 09:58:39.630 - INFO  [localhost-startStop-1] (ServletWebServerApplicationContext.java:284) : Root WebApplicationContext: initialization completed in 2195 ms
2021-09-18 09:58:39.801 - WARN  [localhost-startStop-1] (URLConfigurationSource.java:121) : No URLs will be polled as dynamic configuration sources.
2021-09-18 09:58:39.802 - INFO  [localhost-startStop-1] (URLConfigurationSource.java:122) : To enable URLs as dynamic configuration sources, define System property archaius.configurationSource.additionalUrls or make config.properties available on classpath.
2021-09-18 09:58:39.819 - INFO  [localhost-startStop-1] (DynamicPropertyFactory.java:281) : DynamicPropertyFactory is initialized with configuration sources: com.netflix.config.ConcurrentCompositeConfiguration@7ef01b94
2021-09-18 09:58:39.970 - INFO  [localhost-startStop-1] (DruidDataSourceAutoConfigure.java:56) : Init DruidDataSource
2021-09-18 09:58:40.476 - INFO  [localhost-startStop-1] (DruidDataSource.java:930) : {dataSource-1} inited
2021-09-18 09:58:44.288 - INFO  [main] (LogHelper.java:31) : HHH000204: Processing PersistenceUnitInfo [
	name: default
	...]
2021-09-18 09:58:44.381 - INFO  [main] (Version.java:46) : HHH000412: Hibernate Core {5.3.11.Final}
2021-09-18 09:58:44.384 - INFO  [main] (Environment.java:213) : HHH000206: hibernate.properties not found
2021-09-18 09:58:44.575 - INFO  [main] (JavaReflectionManager.java:49) : HCANN000001: Hibernate Commons Annotations {5.0.4.Final}
2021-09-18 09:58:44.808 - INFO  [main] (Dialect.java:157) : HHH000400: Using dialect: org.hibernate.dialect.MySQL5Dialect
2021-09-18 09:58:45.051 - INFO  [main] (AbstractEntityManagerFactoryBean.java:415) : Initialized JPA EntityManagerFactory for persistence unit 'default'
2021-09-18 09:58:45.672 - WARN  [main] (JpaBaseConfiguration.java:226) : spring.jpa.open-in-view is enabled by default. Therefore, database queries may be performed during view rendering. Explicitly configure spring.jpa.open-in-view to disable this warning
2021-09-18 09:58:45.839 - INFO  [main] (EndpointLinksResolver.java:58) : Exposing 20 endpoint(s) beneath base path '/actuator'
2021-09-18 09:58:45.969 - INFO  [main] (PropertySourcedRequestMappingHandlerMapping.java:69) : Mapped URL path [/v2/api-docs] onto method [public org.springframework.http.ResponseEntity<springfox.documentation.spring.web.json.Json> springfox.documentation.swagger2.web.Swagger2Controller.getDocumentation(java.lang.String,javax.servlet.http.HttpServletRequest)]
2021-09-18 09:58:45.992 - WARN  [main] (URLConfigurationSource.java:121) : No URLs will be polled as dynamic configuration sources.
2021-09-18 09:58:45.992 - INFO  [main] (URLConfigurationSource.java:122) : To enable URLs as dynamic configuration sources, define System property archaius.configurationSource.additionalUrls or make config.properties available on classpath.
2021-09-18 09:58:46.154 - INFO  [main] (ExecutorConfigurationSupport.java:171) : Initializing ExecutorService 'applicationTaskExecutor'
2021-09-18 09:58:48.746 - INFO  [main] (ExecutorConfigurationSupport.java:171) : Initializing ExecutorService 'catalogWatchTaskScheduler'
2021-09-18 09:58:48.867 - INFO  [main] (DocumentationPluginsBootstrapper.java:160) : Context refreshed
2021-09-18 09:58:48.895 - INFO  [main] (DocumentationPluginsBootstrapper.java:163) : Found 1 custom documentation plugin(s)
2021-09-18 09:58:48.950 - INFO  [main] (ApiListingReferenceScanner.java:41) : Scanning for api listing references
2021-09-18 09:58:48.999 - INFO  [main] (DirectJDKLog.java:180) : Starting ProtocolHandler ["http-nio-9420"]
2021-09-18 09:58:49.011 - INFO  [main] (DirectJDKLog.java:180) : Using a shared selector for servlet write/read
2021-09-18 09:58:49.031 - INFO  [main] (TomcatWebServer.java:202) : Tomcat started on port(s): 9420 (http) with context path ''
2021-09-18 09:58:49.044 - INFO  [main] (ConsulServiceRegistry.java:65) : Registering service with consul: NewService{id='jxc-service-provider-system-9420', name='jxc-service-provider-system', tags=[secure=false], address='windows10.microdone.cn', meta=null, port=9420, enableTagOverride=null, check=Check{script='null', interval='null', ttl='30s', http='null', method='null', header=null, tcp='null', timeout='null', deregisterCriticalServiceAfter='null', tlsSkipVerify=null, status='null'}, checks=null}
2021-09-18 09:58:51.169 - INFO  [main] (StartupInfoLogger.java:59) : Started HncatvJxcServiceApplication in 18.2 seconds (JVM running for 22.785)
2021-09-18 09:58:53.739 - INFO  [RMI TCP Connection(6)-192.168.2.111] (DirectJDKLog.java:180) : Initializing Spring DispatcherServlet 'dispatcherServlet'
2021-09-18 09:58:53.740 - INFO  [RMI TCP Connection(6)-192.168.2.111] (FrameworkServlet.java:524) : Initializing Servlet 'dispatcherServlet'
2021-09-18 09:58:53.755 - INFO  [RMI TCP Connection(6)-192.168.2.111] (FrameworkServlet.java:546) : Completed initialization in 15 ms
2021-09-18 09:58:54.178 - INFO  [parallel-1] (EpollProvider.java:68) : Starting without optional epoll library
2021-09-18 09:58:54.181 - INFO  [parallel-1] (KqueueProvider.java:70) : Starting without optional kqueue library
